  数字识别.cpp
C:\Program Files\opencv\build\include\opencv2\objdetect\aruco_board.hpp(1,1): warning C4819: 该文件包含不能在当前代码页(936)中表示的字符。请将该文件保存为 Unicode 格式以防止数据丢失
C:\Users\ASUS\Desktop\AI\vs_数字识别 - 副本\数字识别\HEAD.h(13,19): warning C4244: “初始化”: 从“double”转换到“int”，可能丢失数据
C:\Users\ASUS\Desktop\AI\vs_数字识别 - 副本\数字识别\HEAD.h(14,26): warning C4305: “初始化”: 从“double”到“float”截断
C:\Users\ASUS\Desktop\AI\vs_数字识别 - 副本\数字识别\HEAD.h(39,40): warning C4244: “return”: 从“double”转换到“float”，可能丢失数据
C:\Users\ASUS\Desktop\AI\vs_数字识别 - 副本\数字识别\HEAD.h(47,32): warning C4244: “参数”: 从“double”转换到“const _Ty”，可能丢失数据
          with
          [
              _Ty=float
          ]
C:\Users\ASUS\Desktop\AI\vs_数字识别 - 副本\数字识别\HEAD.h(46,25): warning C4244: “return”: 从“double”转换到“float”，可能丢失数据
C:\Users\ASUS\Desktop\AI\vs_数字识别 - 副本\数字识别\Datamaker.h(27,33): warning C4244: “参数”: 从“int”转换到“_Ty”，可能丢失数据
          with
          [
              _Ty=float
          ]
C:\Users\ASUS\Desktop\AI\vs_数字识别 - 副本\数字识别\数字识别.cpp(28,16): warning C4305: “初始化”: 从“double”到“float”截断
C:\Users\ASUS\Desktop\AI\vs_数字识别 - 副本\数字识别\数字识别.cpp(51,14): warning C4305: “初始化”: 从“double”到“float”截断
C:\Users\ASUS\Desktop\AI\vs_数字识别 - 副本\数字识别\数字识别.cpp(65,39): warning C4305: “参数”: 从“int”到“bool”截断
C:\Users\ASUS\Desktop\AI\vs_数字识别 - 副本\数字识别\数字识别.cpp(77,34): warning C4244: “=”: 从“double”转换到“_Ty”，可能丢失数据
          with
          [
              _Ty=float
          ]
C:\Users\ASUS\Desktop\AI\vs_数字识别 - 副本\数字识别\数字识别.cpp(122,25): warning C4305: “=”: 从“double”到“float”截断
C:\Users\ASUS\Desktop\AI\vs_数字识别 - 副本\数字识别\数字识别.cpp(123,15): warning C4244: “参数”: 从“time_t”转换到“unsigned int”，可能丢失数据
C:\Users\ASUS\Desktop\AI\vs_数字识别 - 副本\数字识别\数字识别.cpp(124,20): warning C4244: “参数”: 从“time_t”转换到“unsigned int”，可能丢失数据
  正在生成代码
  1 of 549 functions ( 0.2%) were compiled, the rest were copied from previous compilation.
    0 functions were new in current compilation
    2 functions had inline decision re-evaluated but remain unchanged
  已完成代码的生成
  数字识别.vcxproj -> C:\Users\ASUS\Desktop\AI\vs_数字识别 - 副本\数字识别\x64\Release\数字识别.exe
